1728209802604:ciao
1728209809016:clean
1728209810294:help
1728209821400:clear
1728209825834:stacktrace
1728209827867:history
1728209840672:dsasd
1728210019959:clear
1728210037178:hello --name "ok "
1728210041647:hello --name "ok "el
1728210043413:helkp
1728210044956:help
1728210048820:messaggio
1728210051275:clear
1728210056056:version
1728210059160:scriptr
1728210063322:clear
1728210929001:open
1728210936292:open k v
1728210948107:begin
1728210951534:open
1728210954502:open k v
1728210955954:end
1728211160270:help
1728211262468:quit
1728211263763:exit
1728211266690:dasd
1728211274250:clear
1728211424806:OPEN
1728211919879:begin
1728211921796:BEGIN
1728211929257:FOR I = 1 TO 3
1728211940793:OPEN CONNECT USA-5552368
1728211944497:NEXT I
1728211950215:PEEK DATABASE; TEXT
1728211953276:PRINT TEXT
1728211957454:END
1728211970865:END X
1728211979789:END
1728212142806:FOR
1728212145676:FOR I
1728212155059:FOR I = 1 TO 3
1728212241953:FOR a b
1728212323179:FOR a b c
1728212325554:FOR a b
1728212365934:FOR A B
1728212542696:concatArgs a b c d
1728212556950:concatArgs pippo
1728212576727:concat x
1728212580513:concat xt da s
1728212639965:concat a b c
1728212649717:concat "a" "b"
1728212701952:concat a b c
1728212737961:concat a b
1728212741701:concat a b c d
1728212786848:concat a b c
1728212793626:concat a b c d e f "g"
1728212918289:FOR a B c D
1728212927917:FOR I = 1 TO 3
1728213235302:for 1
1728213243043:FOR null
1728213735566:BEGIN
1728213738657:FOR a bd
1728213745687:NEXT lll
1728213748137:PEEK OKOK
1728213750940:PEEK picchio
1728213752115:END
1728213800104:BEGIN
1728213801577:FOR A
1728213803240:FOR B
1728213804522:FOR C
1728213805566:END
1728213850350:BEGIN
1728213853165:FOR A b C
1728213859404:PEEK D
1728213862138:PRINT D
1728213863772:END
1728213963981:k --name pippo
1728213970775:FOR --param p
1728214550839:END
1728214645705:FOR
1728214681854:FR
1728214682718:FOR
1728214685272:FOR a
1728214727078:FOR
1728214729089:FOR a
1728214768880:FOR
1728214770455:FOR a
1728214825091:FOR
1728214826832:FOR a b c
1728214887498:BEGIN
1728214895128:FOR I = 1 TO 3
1728214900829:OPEN CONNECT USA-4445213
1728214905164:PEEK DATABASE; TEXT
1728214907065:PRINT TEXT
1728214907956:END
1728232785622:REPEAT 1
1728232787706:REPEAT k
1728232792184:stacktrace
1728235543320:BEGIN
1728235628912:REPEAT 3
1728235644905:OPEN CONNECT USA-5552368
1728235649793:PEEK DATABASE; PIPPO
1728235652535:PRINT PIPPO
1728235653480:END
1728235986212:BEGIN
1728235987575:mario
1728235997614:OPEN CONNECT dd
1728235999627:END
1728236038248:BEGIN
1728236049353:OPEN CONNECT ITA-579705
1728236056738:PEEK DATABASE; MyVar
1728236062175:PRINT MyVar
1728236063152:END
1728236095055:OPEN CONNECT USA-5552368
1728236236669:dasd
1728236240717:END
1728236243549:PEEK
1728236276483:BEGIN
1728236299234:REPEAT 4
1728236308363:OPEN CONNECT ITA-579705
1728236314780:PEEK DATABASE; ttt
1728236317206:PRINT ttt
1728236318726:END
1728236336415:REPEAT 3
1728236341295:BEGIN
1728236346255:REPEAT 2
1728236351290:OPEN CONNECT WrongAddress
1728236356227:PEEK DATABASE; X
1728236358437:PRINT x
1728236359206:END
1728236522732:BEGIN
1728236542300:OPEN CONNECT ITA-579705
1728236545597:PEEK DATABASE; TEXT
1728236548095:PRINT TEXT
1728236549081:END
1728236668912:BEGIN
1728236676112:OPEN CONNECT USA-5552368
1728236680048:PEEK DATABASE; TEXT
1728236682751:PRINT TEXT
1728236683614:END
1728236835991:BEGIN
1728236860427:REPEAT 3
1728236864682:OPEN CONNECT USA-
1728236867584:END
1728236991103:BEGIN
1728236998598:OPEN CONNECT USA-5552368
1728237002891:PEEK DATABASE; TEXT
1728237005422:PRINT TEXT
1728237006598:END
1728237010952:BEGIN
1728237014306:REPEAT 3
1728237021029:OPEN CONNECT USA-5552368
1728237025349:PEEK DATABASE; TEXT
1728237028172:PRINT TEXT
1728237029265:END
